  DB.cpp
c:\users\jes\desktop\gameserverprogramming-termproject-master - 복사본 - 복사본\gameserverprogramming-termproject-master\game server\gameserver\db.cpp(49): warning C4267: '인수': 'size_t'에서 'int'(으)로 변환하면서 데이터가 손실될 수 있습니다.
c:\users\jes\desktop\gameserverprogramming-termproject-master - 복사본 - 복사본\gameserverprogramming-termproject-master\game server\gameserver\db.cpp(102): warning C4473: 'sprintf': 서식 문자열에 대한 인수가 충분하게 전달되지 않았습니다.
  c:\users\jes\desktop\gameserverprogramming-termproject-master - 복사본 - 복사본\gameserverprogramming-termproject-master\game server\gameserver\db.cpp(102): note: 자리 표시자 및 해당 매개 변수에는 variadic 인수가 11개 필요하지만 10개가 제공되었습니다.
  c:\users\jes\desktop\gameserverprogramming-termproject-master - 복사본 - 복사본\gameserverprogramming-termproject-master\game server\gameserver\db.cpp(102): note: 누락된 variadic 인수 11이(가) 서식 문자열 '%d'에 필요합니다.
c:\users\jes\desktop\gameserverprogramming-termproject-master - 복사본 - 복사본\gameserverprogramming-termproject-master\game server\gameserver\db.cpp(103): warning C4267: '인수': 'size_t'에서 'int'(으)로 변환하면서 데이터가 손실될 수 있습니다.
c:\users\jes\desktop\gameserverprogramming-termproject-master - 복사본 - 복사본\gameserverprogramming-termproject-master\game server\gameserver\db.cpp(148): warning C4267: '인수': 'size_t'에서 'int'(으)로 변환하면서 데이터가 손실될 수 있습니다.
c:\users\jes\desktop\gameserverprogramming-termproject-master - 복사본 - 복사본\gameserverprogramming-termproject-master\game server\gameserver\db.cpp(178): warning C4267: '인수': 'size_t'에서 'int'(으)로 변환하면서 데이터가 손실될 수 있습니다.
  GameServer.cpp
c:\users\jes\desktop\gameserverprogramming-termproject-master - 복사본 - 복사본\gameserverprogramming-termproject-master\game server\gameserver\gameserver.cpp(80): warning C4244: '인수': 'unsigned __int64'에서 'int'(으)로 변환하면서 데이터가 손실될 수 있습니다.
c:\users\jes\desktop\gameserverprogramming-termproject-master - 복사본 - 복사본\gameserverprogramming-termproject-master\game server\gameserver\gameserver.cpp(86): warning C4244: '인수': 'unsigned __int64'에서 'int'(으)로 변환하면서 데이터가 손실될 수 있습니다.
c:\users\jes\desktop\gameserverprogramming-termproject-master - 복사본 - 복사본\gameserverprogramming-termproject-master\game server\gameserver\gameserver.cpp(136): warning C4244: '인수': 'unsigned __int64'에서 'int'(으)로 변환하면서 데이터가 손실될 수 있습니다.
c:\users\jes\desktop\gameserverprogramming-termproject-master - 복사본 - 복사본\gameserverprogramming-termproject-master\game server\gameserver\gameserver.cpp(138): warning C4244: '인수': 'unsigned __int64'에서 'int'(으)로 변환하면서 데이터가 손실될 수 있습니다.
c:\users\jes\desktop\gameserverprogramming-termproject-master - 복사본 - 복사본\gameserverprogramming-termproject-master\game server\gameserver\gameserver.cpp(158): warning C4244: '인수': 'unsigned __int64'에서 'int'(으)로 변환하면서 데이터가 손실될 수 있습니다.
c:\users\jes\desktop\gameserverprogramming-termproject-master - 복사본 - 복사본\gameserverprogramming-termproject-master\game server\gameserver\gameserver.cpp(162): warning C4244: '인수': 'unsigned __int64'에서 'int'(으)로 변환하면서 데이터가 손실될 수 있습니다.
c:\users\jes\desktop\gameserverprogramming-termproject-master - 복사본 - 복사본\gameserverprogramming-termproject-master\game server\gameserver\gameserver.cpp(229): warning C4267: '인수': 'size_t'에서 'int'(으)로 변환하면서 데이터가 손실될 수 있습니다.
c:\users\jes\desktop\gameserverprogramming-termproject-master - 복사본 - 복사본\gameserverprogramming-termproject-master\game server\gameserver\gameserver.cpp(233): warning C4267: '인수': 'size_t'에서 'int'(으)로 변환하면서 데이터가 손실될 수 있습니다.
c:\users\jes\desktop\gameserverprogramming-termproject-master - 복사본 - 복사본\gameserverprogramming-termproject-master\game server\gameserver\gameserver.cpp(237): warning C4267: '인수': 'size_t'에서 'int'(으)로 변환하면서 데이터가 손실될 수 있습니다.
c:\users\jes\desktop\gameserverprogramming-termproject-master - 복사본 - 복사본\gameserverprogramming-termproject-master\game server\gameserver\gameserver.cpp(251): warning C4267: '인수': 'size_t'에서 'int'(으)로 변환하면서 데이터가 손실될 수 있습니다.
  Lua.cpp
c:\users\jes\desktop\gameserverprogramming-termproject-master - 복사본 - 복사본\gameserverprogramming-termproject-master\game server\gameserver\lua.cpp(75): warning C4267: '인수': 'size_t'에서 'int'(으)로 변환하면서 데이터가 손실될 수 있습니다.
  Map.cpp
  NPC.cpp
  Winsock.cpp
c:\users\jes\desktop\gameserverprogramming-termproject-master - 복사본 - 복사본\gameserverprogramming-termproject-master\game server\gameserver\winsock.cpp(51): warning C4305: '=': 'size_t'에서 'char'(으)로 잘립니다.
c:\users\jes\desktop\gameserverprogramming-termproject-master - 복사본 - 복사본\gameserverprogramming-termproject-master\game server\gameserver\winsock.cpp(51): warning C4309: '=': 상수 값이 잘립니다.
LINK : warning LNK4098: 'LIBCMT' defaultlib가 다른 라이브러리와 충돌합니다. /NODEFAULTLIB:library를 사용하십시오.
  코드를 생성하고 있습니다.
  2 of 684 functions ( 0.3%) were compiled, the rest were copied from previous compilation.
    0 functions were new in current compilation
    1 functions had inline decision re-evaluated but remain unchanged
  코드를 생성했습니다.
  GameServer.vcxproj -> C:\Users\JES\Desktop\GameServerProgramming-TermProject-master - 복사본 - 복사본\GameServerProgramming-TermProject-master\Game Server\x64\Release\GameServer.exe
